[ 18.04.2019 - 15:22:06 ]
    (MSG) [2] in SMILExtract : openSMILE starting!
[ 18.04.2019 - 15:22:06 ]
    (MSG) [2] in SMILExtract : config file is: /DB/Tools/opensmile-2.3.0/config/IS13_ComParE.conf
[ 18.04.2019 - 15:22:06 ]
    (MSG) [2] in cComponentManager : successfully registered 96 component types.
[ 18.04.2019 - 15:22:06 ]
    (MSG) [2] in instance 'lldhtksink' : No filename given, disabling this sink component.
[ 18.04.2019 - 15:22:06 ]
    (MSG) [2] in instance 'lldarffsink' : No filename given, disabling this sink component.
[ 18.04.2019 - 15:22:06 ]
    (MSG) [2] in instance 'arffsink' : No filename given, disabling this sink component.
[ 18.04.2019 - 15:22:06 ]
    (MSG) [2] in instance 'csvsink' : No filename given, disabling this sink component.
[ 18.04.2019 - 15:22:06 ]
    (MSG) [2] in instance 'htksink' : No filename given, disabling this sink component.
[ 18.04.2019 - 15:22:06 ]
    (MSG) [2] in cComponentManager : successfully finished createInstances
                                 (48 component instances were finalised, 1 data memories were finalised)
[ 18.04.2019 - 15:22:06 ]
    (MSG) [2] in cComponentManager : starting single thread processing loop
[ 18.04.2019 - 15:22:06 ]
    (MSG) [2] in cComponentManager : Processing finished! System ran for 1545 ticks.
